Beklenmeyen hata: Install Flask with the 'async' extra in order to use async views.
Beklenmeyen hata: Install Flask with the 'async' extra in order to use async views.
Beklenmeyen hata: Install Flask with the 'async' extra in order to use async views.
Beklenmeyen hata: [WinError 2] Sistem belirtilen dosyayý bulamýyor: 'C:\\Users\\AS\\PycharmProjects\\youtubeWebDownload\\downloads\\downloads_Pek_de_Fransz_olmayan_Fransa_Milli_Takm....mp4'
Ýndirme hatasý: [WinError 2] Sistem belirtilen dosyayý bulamýyor: 'downloads_Hep_Turk_Var__Cem_Ylmaz__Diamond_Elite_Platinum_Plus.mp4' -> 'downloads\\downloads_Hep_Turk_Var__Cem_Ylmaz__Diamond_Elite_P.mp4'
Ýndirme hatasý: [WinError 2] Sistem belirtilen dosyayý bulamýyor: 'C_Users_AS_Downloads_range_rover_vs_traktor_mercedes.mp4' -> 'C:\\Users\\AS\\Downloads\\C_Users_AS_Downloads_range_rover_vs_traktor_merced.mp4'
Ýndirme hatasý: [WinError 2] Sistem belirtilen dosyayý bulamýyor: 'C_Users_AS_Downloads_TURKIYE_HOLLANDA_MACI_OZET.mp4' -> 'C:\\Users\\AS\\Downloads\\C_Users_AS_Downloads_TURKIYE_HOLLANDA_MACI_OZET.mp4'
Ýndirme hatasý: [WinError 2] Sistem belirtilen dosyayý bulamýyor: 'C:\\Users\\AS\\Downloads\\C_Users_AS_Downloads_Kurban_bayramnda_gerginlik_yaratp_etleri_pay_eden_sofi_-_Oguzhan_Alpdogan.mp4' -> 'C:\\Users\\AS\\Downloads\\C_Users_AS_Downloads_Kurban_bayramnda_gerginlik_ya.mp4'
Beklenmeyen hata: [Errno 22] Invalid argument
Beklenmeyen hata: [Errno 22] Invalid argument
Beklenmeyen hata: [Errno 22] Invalid argument
Beklenmeyen hata: [Errno 22] Invalid argument
Beklenmeyen hata: [Errno 22] Invalid argument
Beklenmeyen hata: [Errno 22] Invalid argument
Beklenmeyen hata: [Errno 22] Invalid argument
Beklenmeyen hata: [Errno 22] Invalid argument
Beklenmeyen hata: [Errno 22] Invalid argument
Beklenmeyen hata: [Errno 22] Invalid argument
Ýndirme hatasý: expected str, bytes or os.PathLike object, not dict
Ýndirme hatasý: expected str, bytes or os.PathLike object, not dict
Ýndirme hatasý: Video indirme hatasý: expected str, bytes or os.PathLike object, not dict
Ýndirme hatasý: Video indirme hatasý: expected str, bytes or os.PathLike object, not dict
Ýndirme hatasý: Video indirme hatasý: expected str, bytes or os.PathLike object, not dict
Beklenmeyen hata: prepare_download_options() missing 1 required positional argument: 'upload_folder'
Beklenmeyen hata: prepare_download_options() missing 1 required positional argument: 'upload_folder'
Beklenmeyen hata: prepare_download_options() missing 1 required positional argument: 'upload_folder'
Beklenmeyen hata: name 'yt_dlp' is not defined
Beklenmeyen hata: name 'yt_dlp' is not defined
ï¿½ndirme hatasï¿½: expected str, bytes or os.PathLike object, not Response
Beklenmeyen hata: ERROR: [generic] 'ï¿½ndirme iï¿½lemi sï¿½rasï¿½nda bir hata oluï¿½tu: Unexpected token \'<\', "<html> <h"... is not valid JSON' is not a valid URL. Set --default-search "ytsearch" (or run  yt-dlp "ytsearch:ï¿½ndirme iï¿½lemi sï¿½rasï¿½nda bir hata oluï¿½tu: Unexpected token '<', "<html> <h"... is not valid JSON" ) to search YouTube
ï¿½ndirme hatasï¿½: Video indirme hatasï¿½: Working outside of request context.

This typically means that you attempted to use functionality that needed
an active HTTP request. Consult the documentation on testing for
information about how to avoid this problem.
